{"name": "# 002_send_test_email", "status": "broken", "statusDetails": {"message": "selenium.common.exceptions.TimeoutException: Message: \n\n", "trace": "  File \"C:\\Users\\rapid\\AppData\\Roaming\\Python\\Python310\\site-packages\\behave\\model.py\", line 1329, in run\n    match.run(runner.context)\n  File \"C:\\Users\\rapid\\AppData\\Roaming\\Python\\Python310\\site-packages\\behave\\matchers.py\", line 98, in run\n    self.func(context, *args, **kwargs)\n  File \"features\\steps\\002_send_test_email.py\", line 32, in snd_pswd\n    context.app.main_page.snd_pswd(pswd)\n  File \"C:\\Everything\\IT\\Testing\\Automation_08_09_2019\\yarcevoy_nataly\\pages\\main_page.py\", line 82, in snd_pswd\n    wait.until(EC.presence_of_element_located(SND_PSWD)).clear()\n  File \"C:\\Users\\rapid\\AppData\\Local\\Programs\\Python\\Python310\\lib\\site-packages\\selenium\\webdriver\\support\\wait.py\", line 80, in until\n    raise TimeoutException(message, screen, stacktrace)\n"}, "steps": [{"name": "Given Loginpage", "status": "passed", "start": 1636084041443, "stop": 1636084050738}, {"name": "Then Send 'lupusludens' to field 'Имя ящика'", "status": "passed", "start": 1636084050738, "stop": 1636084050883}, {"name": "Then CLick on button 'Ввести пароль'", "status": "passed", "start": 1636084050883, "stop": 1636084050965}, {"name": "And Send 'jzRiA-ap9YJ3' to field 'Пароль'", "status": "broken", "statusDetails": {"message": "selenium.common.exceptions.TimeoutException: Message: \n\n", "trace": "  File \"C:\\Users\\rapid\\AppData\\Roaming\\Python\\Python310\\site-packages\\behave\\model.py\", line 1329, in run\n    match.run(runner.context)\n  File \"C:\\Users\\rapid\\AppData\\Roaming\\Python\\Python310\\site-packages\\behave\\matchers.py\", line 98, in run\n    self.func(context, *args, **kwargs)\n  File \"features\\steps\\002_send_test_email.py\", line 32, in snd_pswd\n    context.app.main_page.snd_pswd(pswd)\n  File \"C:\\Everything\\IT\\Testing\\Automation_08_09_2019\\yarcevoy_nataly\\pages\\main_page.py\", line 82, in snd_pswd\n    wait.until(EC.presence_of_element_located(SND_PSWD)).clear()\n  File \"C:\\Users\\rapid\\AppData\\Local\\Programs\\Python\\Python310\\lib\\site-packages\\selenium\\webdriver\\support\\wait.py\", line 80, in until\n    raise TimeoutException(message, screen, stacktrace)\n"}, "start": 1636084050965, "stop": 1636084064650}, {"name": "Then CLick on button 'Войти'", "status": "skipped", "start": 1636084067279, "stop": 1636084067279}, {"name": "Then CLick on button 'Написать письмо'", "status": "skipped", "start": 1636084067279, "stop": 1636084067279}, {"name": "And Send 'gurovvic@gmail.com' to field 'Кому'", "status": "skipped", "start": 1636084067279, "stop": 1636084067279}, {"name": "Then CLick on button 'Отправить'", "status": "skipped", "start": 1636084067279, "stop": 1636084067279}], "start": 1636084037807, "stop": 1636084067279, "uuid": "f5f03fb9-baaa-4cc6-921c-d2fb0ad31eec", "historyId": "74d95bea3c1e6966720539e2fb28d87d", "fullName": "# 002_send_test_email: # 002_send_test_email", "labels": [{"name": "severity", "value": "normal"}, {"name": "feature", "value": "# 002_send_test_email"}, {"name": "framework", "value": "behave"}, {"name": "language", "value": "cpython3"}]}