{"name": "# 001 Vulnerability", "status": "broken", "statusDetails": {"message": "selenium.common.exceptions.TimeoutException: Message: \n\n", "trace": "  File \"C:\\Users\\rapid\\AppData\\Roaming\\Python\\Python310\\site-packages\\behave\\model.py\", line 1329, in run\n    match.run(runner.context)\n  File \"C:\\Users\\rapid\\AppData\\Roaming\\Python\\Python310\\site-packages\\behave\\matchers.py\", line 98, in run\n    self.func(context, *args, **kwargs)\n  File \"features\\steps\\001_vulnerability_test.py\", line 24, in clck_srch_btn\n    context.app.main_page.clck_srch_btn()\n  File \"C:\\Everything\\IT\\Testing\\Automation_08_09_2019\\yarcevoy_nataly\\pages\\main_page.py\", line 42, in clck_srch_btn\n    wait.until(EC.element_to_be_clickable(SRCH_BTN)).click()\n  File \"C:\\Users\\rapid\\AppData\\Local\\Programs\\Python\\Python310\\lib\\site-packages\\selenium\\webdriver\\support\\wait.py\", line 80, in until\n    raise TimeoutException(message, screen, stacktrace)\n"}, "steps": [{"name": "Given Login https://spyse.com/", "status": "passed", "start": 1636084018363, "stop": 1636084020187}, {"name": "Then Input https://mail.ru// to search field", "status": "passed", "start": 1636084020188, "stop": 1636084021633}, {"name": "Then Click on Search button", "status": "broken", "statusDetails": {"message": "selenium.common.exceptions.TimeoutException: Message: \n\n", "trace": "  File \"C:\\Users\\rapid\\AppData\\Roaming\\Python\\Python310\\site-packages\\behave\\model.py\", line 1329, in run\n    match.run(runner.context)\n  File \"C:\\Users\\rapid\\AppData\\Roaming\\Python\\Python310\\site-packages\\behave\\matchers.py\", line 98, in run\n    self.func(context, *args, **kwargs)\n  File \"features\\steps\\001_vulnerability_test.py\", line 24, in clck_srch_btn\n    context.app.main_page.clck_srch_btn()\n  File \"C:\\Everything\\IT\\Testing\\Automation_08_09_2019\\yarcevoy_nataly\\pages\\main_page.py\", line 42, in clck_srch_btn\n    wait.until(EC.element_to_be_clickable(SRCH_BTN)).click()\n  File \"C:\\Users\\rapid\\AppData\\Local\\Programs\\Python\\Python310\\lib\\site-packages\\selenium\\webdriver\\support\\wait.py\", line 80, in until\n    raise TimeoutException(message, screen, stacktrace)\n"}, "start": 1636084021633, "stop": 1636084035274}, {"name": "Then Find security score, critical risk, medium risk, elevated risk", "status": "skipped", "start": 1636084037802, "stop": 1636084037802}, {"name": "And Make a screenshot of the whole page", "status": "skipped", "start": 1636084037802, "stop": 1636084037803}], "start": 1636084013919, "stop": 1636084037803, "uuid": "8ede78f4-938a-4049-9eef-df11c3862193", "historyId": "e8c759e5f4781586e2814c7a3c975d93", "fullName": "# 001 Vulnerability: # 001 Vulnerability", "labels": [{"name": "severity", "value": "normal"}, {"name": "feature", "value": "# 001 Vulnerability"}, {"name": "framework", "value": "behave"}, {"name": "language", "value": "cpython3"}]}