{"name": "# 002_send_test_email", "status": "broken", "statusDetails": {"message": "selenium.common.exceptions.TimeoutException: Message: \n\n", "trace": "  File \"c:\\users\\rapid\\appdata\\local\\programs\\python\\python39\\lib\\site-packages\\behave\\model.py\", line 1329, in run\n    match.run(runner.context)\n  File \"c:\\users\\rapid\\appdata\\local\\programs\\python\\python39\\lib\\site-packages\\behave\\matchers.py\", line 98, in run\n    self.func(context, *args, **kwargs)\n  File \"features\\steps\\002_send_test_email.py\", line 48, in clck_btn_wrt_ltr\n    context.app.main_page.clck_btn_wrt_ltr()\n  File \"C:\\Everything\\IT\\Testing\\Automation_08_09_2019\\yarcevoy_nataly\\pages\\main_page.py\", line 95, in clck_btn_wrt_ltr\n    wait.until(EC.presence_of_element_located(WRT_LTR)).click()\n  File \"c:\\users\\rapid\\appdata\\local\\programs\\python\\python39\\lib\\site-packages\\selenium\\webdriver\\support\\wait.py\", line 80, in until\n    raise TimeoutException(message, screen, stacktrace)\n"}, "steps": [{"name": "Given Loginpage", "status": "passed", "start": 1628720322010, "stop": 1628720350822}, {"name": "Then Send 'lupusludens' to field 'Имя ящика'", "status": "passed", "start": 1628720350823, "stop": 1628720350935}, {"name": "Then CLick on button 'Ввести пароль'", "status": "passed", "start": 1628720350935, "stop": 1628720351002}, {"name": "And Send 'jzRiA-ap9YJ3' to field 'Пароль'", "status": "passed", "start": 1628720351002, "stop": 1628720351922}, {"name": "Then CLick on button 'Войти'", "status": "passed", "start": 1628720351922, "stop": 1628720352024}, {"name": "Then CLick on button 'Написать письмо'", "status": "broken", "statusDetails": {"message": "selenium.common.exceptions.TimeoutException: Message: \n\n", "trace": "  File \"c:\\users\\rapid\\appdata\\local\\programs\\python\\python39\\lib\\site-packages\\behave\\model.py\", line 1329, in run\n    match.run(runner.context)\n  File \"c:\\users\\rapid\\appdata\\local\\programs\\python\\python39\\lib\\site-packages\\behave\\matchers.py\", line 98, in run\n    self.func(context, *args, **kwargs)\n  File \"features\\steps\\002_send_test_email.py\", line 48, in clck_btn_wrt_ltr\n    context.app.main_page.clck_btn_wrt_ltr()\n  File \"C:\\Everything\\IT\\Testing\\Automation_08_09_2019\\yarcevoy_nataly\\pages\\main_page.py\", line 95, in clck_btn_wrt_ltr\n    wait.until(EC.presence_of_element_located(WRT_LTR)).click()\n  File \"c:\\users\\rapid\\appdata\\local\\programs\\python\\python39\\lib\\site-packages\\selenium\\webdriver\\support\\wait.py\", line 80, in until\n    raise TimeoutException(message, screen, stacktrace)\n"}, "start": 1628720352025, "stop": 1628720366221}, {"name": "And Send 'gurovvic@gmail.com' to field 'Кому'", "status": "skipped", "start": 1628720368684, "stop": 1628720368685}, {"name": "Then CLick on button 'Отправить'", "status": "skipped", "start": 1628720368685, "stop": 1628720368685}], "start": 1628720319152, "stop": 1628720368685, "uuid": "131b477c-1e91-44e8-bcce-26ae42030a52", "historyId": "74d95bea3c1e6966720539e2fb28d87d", "fullName": "# 002_send_test_email: # 002_send_test_email", "labels": [{"name": "severity", "value": "normal"}, {"name": "feature", "value": "# 002_send_test_email"}, {"name": "framework", "value": "behave"}, {"name": "language", "value": "cpython3"}]}